<?xml version="1.0" encoding="UTF-8"?>
<!-- Generated by org.testng.reporters.JUnitReportReporter -->
<testsuite hostname="LAPTOP-STBADG5P" failures="0" tests="2" name="TestClasses.VerifyUserCanAddNewAddress" time="3.838" errors="0" timestamp="2022-07-28T17:10:01 IST" skipped="0">
  <testcase classname="TestClasses.VerifyUserCanAddNewAddress" name="verifyUserCanGoToProfilePage" time="1.294"/>
  <system-out/>
  <testcase classname="TestClasses.VerifyUserCanAddNewAddress" name="veryUserCanAddAddress" time="2.544"/>
  <system-out/>
</testsuite> <!-- TestClasses.VerifyUserCanAddNewAddress -->
