<?xml version="1.0" encoding="UTF-8"?>
<!-- Generated by org.testng.reporters.JUnitReportReporter -->
<testsuite hostname="LAPTOP-STBADG5P" failures="0" tests="1" name="TestClasses.VerifyUserCanLogIn" time="3.185" errors="0" timestamp="2022-07-28T17:10:01 IST" skipped="0">
  <testcase classname="TestClasses.VerifyUserCanLogIn" name="verifyUserCanLogin" time="3.185"/>
  <system-out/>
</testsuite> <!-- TestClasses.VerifyUserCanLogIn -->
